<?xml version="1.0" encoding="UTF-8"?>
<robot generator="Robot 7.0 (Python 3.12.3 on win32)" generated="2024-06-12T19:14:50.064313" rpa="false" schemaversion="5">
<suite id="s1" name="Pycharm" source="C:\Users\admin\PycharmProjects\APIAutomation\API\Tests\pycharm.txt">
<test id="s1-t1" name="Post Method" line="12">
<kw name="Create Session" owner="RequestsLibrary">
<msg time="2024-06-12T19:14:52.455605" level="INFO">Creating Session using : alias=session1, url=https://reqres.in, headers={},                     cookies={}, auth=None, timeout=None, proxies=None, verify=False,                     debug=0 </msg>
<arg>session1</arg>
<arg>${BaseUrl}</arg>
<arg>disable_warnings=1</arg>
<doc>Create Session: create a HTTP session to a server</doc>
<status status="PASS" start="2024-06-12T19:14:52.455605" elapsed="0.000000"/>
</kw>
<kw name="Set Variable" owner="BuiltIn">
<msg time="2024-06-12T19:14:52.455605" level="INFO">${EndPoint} = /api/users</msg>
<var>${EndPoint}</var>
<arg>/api/users</arg>
<doc>Returns the given values which can then be assigned to a variables.</doc>
<status status="PASS" start="2024-06-12T19:14:52.455605" elapsed="0.000000"/>
</kw>
<kw name="Create Dictionary" owner="BuiltIn">
<msg time="2024-06-12T19:14:52.455605" level="INFO">${Body} = {'name': 'venkat', 'job': 'SWEngineer'}</msg>
<var>${Body}</var>
<arg>name=venkat</arg>
<arg>job=SWEngineer</arg>
<doc>Creates and returns a dictionary based on the given ``items``.</doc>
<status status="PASS" start="2024-06-12T19:14:52.455605" elapsed="0.000000"/>
</kw>
<kw name="POST On Session" owner="RequestsLibrary">
<msg time="2024-06-12T19:14:53.111975" level="INFO">POST Request : url=https://reqres.in/api/users 
 path_url=/api/users 
 headers={'User-Agent': 'python-requests/2.32.3', 'Accept-Encoding': 'gzip, deflate', 'Accept': '*/*', 'Connection': 'keep-alive', 'Content-Length': '26', 'Content-Type': 'application/x-www-form-urlencoded'} 
 body=name=venkat&amp;job=SWEngineer 
 </msg>
<msg time="2024-06-12T19:14:53.111975" level="INFO">POST Response : url=https://reqres.in/api/users 
 status=201, reason=Created 
 headers={'Date': 'Wed, 12 Jun 2024 13:44:54 GMT', 'Content-Type': 'application/json; charset=utf-8', 'Content-Length': '86', 'Connection': 'keep-alive', 'Report-To': '{"group":"heroku-nel","max_age":3600,"endpoints":[{"url":"https://nel.heroku.com/reports?ts=1718199894&amp;sid=c4c9725f-1ab0-44d8-820f-430df2718e11&amp;s=8CY%2F8j9xlHpxiDjKLqN6yNJzuFgqUoPYpjBaFBY3RDk%3D"}]}', 'Reporting-Endpoints': 'heroku-nel=https://nel.heroku.com/reports?ts=1718199894&amp;sid=c4c9725f-1ab0-44d8-820f-430df2718e11&amp;s=8CY%2F8j9xlHpxiDjKLqN6yNJzuFgqUoPYpjBaFBY3RDk%3D', 'Nel': '{"report_to":"heroku-nel","max_age":3600,"success_fraction":0.005,"failure_fraction":0.05,"response_headers":["Via"]}', 'X-Powered-By': 'Express', 'Access-Control-Allow-Origin': '*', 'Etag': 'W/"56-RezWCOuAatGf17KBHYmOtwcnHy4"', 'Via': '1.1 vegur', 'CF-Cache-Status': 'DYNAMIC', 'Server': 'cloudflare', 'CF-RAY': '892a4739fc0d46ec-BOM'} 
 body={"name":"venkat","job":"SWEngineer","id":"254","createdAt":"2024-06-12T13:44:54.275Z"} 
 </msg>
<msg time="2024-06-12T19:14:53.111975" level="INFO">${Response} = &lt;Response [201]&gt;</msg>
<var>${Response}</var>
<arg>session1</arg>
<arg>${EndPoint}</arg>
<arg>data=${Body}</arg>
<doc>Sends a POST request on a previously created HTTP Session.</doc>
<status status="PASS" start="2024-06-12T19:14:52.455605" elapsed="0.656370"/>
</kw>
<kw name="Log To Console" owner="BuiltIn">
<arg>${Response.headers}</arg>
<doc>Logs the given message to the console.</doc>
<status status="PASS" start="2024-06-12T19:14:53.111975" elapsed="0.015490"/>
</kw>
<kw name="Log To Console" owner="BuiltIn">
<arg>${Response.status_code}</arg>
<doc>Logs the given message to the console.</doc>
<status status="PASS" start="2024-06-12T19:14:53.127465" elapsed="0.000000"/>
</kw>
<kw name="Log To Console" owner="BuiltIn">
<arg>${Response.content}</arg>
<doc>Logs the given message to the console.</doc>
<status status="PASS" start="2024-06-12T19:14:53.127465" elapsed="0.000000"/>
</kw>
<kw name="Log" owner="BuiltIn">
<msg time="2024-06-12T19:14:53.127465" level="INFO">{"name":"venkat","job":"SWEngineer","id":"254","createdAt":"2024-06-12T13:44:54.275Z"}</msg>
<arg>${Response.content}</arg>
<doc>Logs the given message with the given level.</doc>
<status status="PASS" start="2024-06-12T19:14:53.127465" elapsed="0.000000"/>
</kw>
<kw name="Convert To String" owner="BuiltIn">
<msg time="2024-06-12T19:14:53.143089" level="INFO">${status_code} = 201</msg>
<var>${status_code}</var>
<arg>${Response.status_code}</arg>
<doc>Converts the given item to a Unicode string.</doc>
<status status="PASS" start="2024-06-12T19:14:53.127465" elapsed="0.015624"/>
</kw>
<kw name="Should Be Equal" owner="BuiltIn">
<arg>${status_code}</arg>
<arg>201</arg>
<doc>Fails if the given objects are unequal.</doc>
<status status="PASS" start="2024-06-12T19:14:53.143089" elapsed="0.000000"/>
</kw>
<kw name="Convert String To Json" owner="JSONLibrary">
<msg time="2024-06-12T19:14:53.143089" level="INFO">${json_response} = {'name': 'venkat', 'job': 'SWEngineer', 'id': '254', 'createdAt': '2024-06-12T13:44:54.275Z'}</msg>
<var>${json_response}</var>
<arg>${Response.content}</arg>
<doc>Convert String to JSON object</doc>
<status status="PASS" start="2024-06-12T19:14:53.143089" elapsed="0.000000"/>
</kw>
<kw name="Get Value From Json" owner="JSONLibrary">
<msg time="2024-06-12T19:14:53.262954" level="INFO">${id_value} = ['254']</msg>
<var>${id_value}</var>
<arg>${json_response}</arg>
<arg>${id_path}</arg>
<doc>Get Value From JSON using JSONPath</doc>
<status status="PASS" start="2024-06-12T19:14:53.143089" elapsed="0.119865"/>
</kw>
<kw name="Log To Console" owner="BuiltIn">
<arg>${id_value}</arg>
<doc>Logs the given message to the console.</doc>
<status status="PASS" start="2024-06-12T19:14:53.262954" elapsed="0.000000"/>
</kw>
<kw name="Should Not Be Empty" owner="BuiltIn">
<msg time="2024-06-12T19:14:53.262954" level="INFO">Length is 1.</msg>
<arg>${id_value}</arg>
<doc>Verifies that the given item is not empty.</doc>
<status status="PASS" start="2024-06-12T19:14:53.262954" elapsed="0.000000"/>
</kw>
<tag>postMethod</tag>
<status status="PASS" start="2024-06-12T19:14:52.455605" elapsed="0.807349"/>
</test>
<status status="PASS" start="2024-06-12T19:14:50.064313" elapsed="3.198641"/>
</suite>
<statistics>
<total>
<stat pass="1" fail="0" skip="0">All Tests</stat>
</total>
<tag>
<stat pass="1" fail="0" skip="0">postMethod</stat>
</tag>
<suite>
<stat pass="1" fail="0" skip="0" id="s1" name="Pycharm">Pycharm</stat>
</suite>
</statistics>
<errors>
</errors>
</robot>
